[debug] [2022-04-11T16:05:54.637Z] ----------------------------------------------------------------------
[debug] [2022-04-11T16:05:54.641Z] Command:       /Users/mac/.nvm/versions/node/v16.14.0/bin/node /Users/mac/.nvm/versions/node/v16.14.0/bin/firebase init
[debug] [2022-04-11T16:05:54.641Z] CLI Version:   10.6.0
[debug] [2022-04-11T16:05:54.641Z] Platform:      darwin
[debug] [2022-04-11T16:05:54.642Z] Node Version:  v16.14.0
[debug] [2022-04-11T16:05:54.643Z] Time:          Mon Apr 11 2022 11:05:54 GMT-0500 (hora estándar de Perú)
[debug] [2022-04-11T16:05:54.643Z] ----------------------------------------------------------------------
[debug] 
[debug] [2022-04-11T16:05:54.654Z] > command requires scopes: ["email","openid","https://www.googleapis.com/auth/cloudplatformprojects.readonly","https://www.googleapis.com/auth/firebase","https://www.googleapis.com/auth/cloud-platform"]
[debug] [2022-04-11T16:05:54.654Z] > authorizing via signed-in user (giampieer24@gmail.com)
[info] 
     ######## #### ########  ######## ########     ###     ######  ########
     ##        ##  ##     ## ##       ##     ##  ##   ##  ##       ##
     ######    ##  ########  ######   ########  #########  ######  ######
     ##        ##  ##    ##  ##       ##     ## ##     ##       ## ##
     ##       #### ##     ## ######## ########  ##     ##  ######  ########

You're about to initialize a Firebase project in this directory:

  /Users/mac/Documents/LIM017-social-network

[info] 
=== Project Setup
[info] 
[info] First, let's associate this project directory with a Firebase project.
[info] You can create multiple project aliases by running firebase use --add, 
[info] but for now we'll just set up a default project.
[info] 
[debug] [2022-04-11T16:06:12.210Z] > refreshing access token with scopes: []
[debug] [2022-04-11T16:06:12.211Z] >>> HTTP REQUEST POST https://www.googleapis.com/oauth2/v3/token  
 <request body omitted>
[debug] [2022-04-11T16:06:12.395Z] <<< HTTP RESPONSE 400 {"pragma":"no-cache","date":"Mon, 11 Apr 2022 16:06:12 GMT","cache-control":"no-cache, no-store, max-age=0, must-revalidate","expires":"Mon, 01 Jan 1990 00:00:00 GMT","content-type":"application/json; charset=utf-8","vary":"X-Origin, Referer, Origin,Accept-Encoding","server":"scaffolding on HTTPServer2","x-xss-protection":"0","x-frame-options":"SAMEORIGIN","x-content-type-options":"nosniff","alt-svc":"h3=\":443\"; ma=2592000,h3-29=\":443\"; ma=2592000,h3-Q050=\":443\"; ma=2592000,h3-Q046=\":443\"; ma=2592000,h3-Q043=\":443\"; ma=2592000,quic=\":443\"; ma=2592000; v=\"46,43\"","accept-ranges":"none","transfer-encoding":"chunked"}
[debug] [2022-04-11T16:06:12.399Z] >>> [apiv2][query] GET https://firebase.googleapis.com/v1beta1/projects pageSize=100
[debug] [2022-04-11T16:06:13.379Z] <<< [apiv2][status] GET https://firebase.googleapis.com/v1beta1/projects 401
[debug] [2022-04-11T16:06:13.379Z] <<< [apiv2][body] GET https://firebase.googleapis.com/v1beta1/projects [omitted]
[debug] [2022-04-11T16:06:13.380Z] HTTP Error: 401, Request had invalid authentication credentials. Expected OAuth 2 access token, login cookie or other valid authentication credential. See https://developers.google.com/identity/sign-in/web/devconsole-project.
[debug] [2022-04-11T16:06:13.519Z] FirebaseError: HTTP Error: 401, Request had invalid authentication credentials. Expected OAuth 2 access token, login cookie or other valid authentication credential. See https://developers.google.com/identity/sign-in/web/devconsole-project.
    at module.exports (/Users/mac/.nvm/versions/node/v16.14.0/lib/node_modules/firebase-tools/lib/responseToError.js:47:12)
    at RetryOperation._fn (/Users/mac/.nvm/versions/node/v16.14.0/lib/node_modules/firebase-tools/lib/apiv2.js:286:39)
    at processTicksAndRejections (node:internal/process/task_queues:96:5)
[error] 
[error] Error: Failed to list Firebase projects. See firebase-debug.log for more info.
[debug] [2022-04-11T16:13:38.045Z] ----------------------------------------------------------------------
[debug] [2022-04-11T16:13:38.049Z] Command:       /Users/mac/.nvm/versions/node/v16.14.0/bin/node /Users/mac/.nvm/versions/node/v16.14.0/bin/firebase init
[debug] [2022-04-11T16:13:38.049Z] CLI Version:   10.6.0
[debug] [2022-04-11T16:13:38.049Z] Platform:      darwin
[debug] [2022-04-11T16:13:38.050Z] Node Version:  v16.14.0
[debug] [2022-04-11T16:13:38.051Z] Time:          Mon Apr 11 2022 11:13:38 GMT-0500 (hora estándar de Perú)
[debug] [2022-04-11T16:13:38.051Z] ----------------------------------------------------------------------
[debug] 
[debug] [2022-04-11T16:13:38.061Z] > command requires scopes: ["email","openid","https://www.googleapis.com/auth/cloudplatformprojects.readonly","https://www.googleapis.com/auth/firebase","https://www.googleapis.com/auth/cloud-platform"]
[debug] [2022-04-11T16:13:38.062Z] > authorizing via signed-in user (giampieer24@gmail.com)
[info] 
     ######## #### ########  ######## ########     ###     ######  ########
     ##        ##  ##     ## ##       ##     ##  ##   ##  ##       ##
     ######    ##  ########  ######   ########  #########  ######  ######
     ##        ##  ##    ##  ##       ##     ## ##     ##       ## ##
     ##       #### ##     ## ######## ########  ##     ##  ######  ########

You're about to initialize a Firebase project in this directory:

  /Users/mac/Documents/LIM017-social-network

[info] 
=== Project Setup
[info] 
[info] First, let's associate this project directory with a Firebase project.
[info] You can create multiple project aliases by running firebase use --add, 
[info] but for now we'll just set up a default project.
[info] 
[debug] [2022-04-11T16:13:49.212Z] > refreshing access token with scopes: []
[debug] [2022-04-11T16:13:49.214Z] >>> HTTP REQUEST POST https://www.googleapis.com/oauth2/v3/token  
 <request body omitted>
[debug] [2022-04-11T16:13:49.407Z] <<< HTTP RESPONSE 400 {"cache-control":"no-cache, no-store, max-age=0, must-revalidate","expires":"Mon, 01 Jan 1990 00:00:00 GMT","date":"Mon, 11 Apr 2022 16:13:49 GMT","pragma":"no-cache","content-type":"application/json; charset=utf-8","vary":"X-Origin, Referer, Origin,Accept-Encoding","server":"scaffolding on HTTPServer2","x-xss-protection":"0","x-frame-options":"SAMEORIGIN","x-content-type-options":"nosniff","alt-svc":"h3=\":443\"; ma=2592000,h3-29=\":443\"; ma=2592000,h3-Q050=\":443\"; ma=2592000,h3-Q046=\":443\"; ma=2592000,h3-Q043=\":443\"; ma=2592000,quic=\":443\"; ma=2592000; v=\"46,43\"","accept-ranges":"none","transfer-encoding":"chunked"}
[debug] [2022-04-11T16:13:49.410Z] >>> [apiv2][query] GET https://firebase.googleapis.com/v1beta1/projects pageSize=100
[debug] [2022-04-11T16:13:50.412Z] <<< [apiv2][status] GET https://firebase.googleapis.com/v1beta1/projects 401
[debug] [2022-04-11T16:13:50.413Z] <<< [apiv2][body] GET https://firebase.googleapis.com/v1beta1/projects [omitted]
[debug] [2022-04-11T16:13:50.413Z] HTTP Error: 401, Request had invalid authentication credentials. Expected OAuth 2 access token, login cookie or other valid authentication credential. See https://developers.google.com/identity/sign-in/web/devconsole-project.
[debug] [2022-04-11T16:13:50.559Z] FirebaseError: HTTP Error: 401, Request had invalid authentication credentials. Expected OAuth 2 access token, login cookie or other valid authentication credential. See https://developers.google.com/identity/sign-in/web/devconsole-project.
    at module.exports (/Users/mac/.nvm/versions/node/v16.14.0/lib/node_modules/firebase-tools/lib/responseToError.js:47:12)
    at RetryOperation._fn (/Users/mac/.nvm/versions/node/v16.14.0/lib/node_modules/firebase-tools/lib/apiv2.js:286:39)
    at processTicksAndRejections (node:internal/process/task_queues:96:5)
[error] 
[error] Error: Failed to list Firebase projects. See firebase-debug.log for more info.
[debug] [2022-04-11T16:14:11.388Z] ----------------------------------------------------------------------
[debug] [2022-04-11T16:14:11.391Z] Command:       /Users/mac/.nvm/versions/node/v16.14.0/bin/node /Users/mac/.nvm/versions/node/v16.14.0/bin/firebase init
[debug] [2022-04-11T16:14:11.391Z] CLI Version:   10.6.0
[debug] [2022-04-11T16:14:11.392Z] Platform:      darwin
[debug] [2022-04-11T16:14:11.392Z] Node Version:  v16.14.0
[debug] [2022-04-11T16:14:11.393Z] Time:          Mon Apr 11 2022 11:14:11 GMT-0500 (hora estándar de Perú)
[debug] [2022-04-11T16:14:11.394Z] ----------------------------------------------------------------------
[debug] 
[debug] [2022-04-11T16:14:11.404Z] > command requires scopes: ["email","openid","https://www.googleapis.com/auth/cloudplatformprojects.readonly","https://www.googleapis.com/auth/firebase","https://www.googleapis.com/auth/cloud-platform"]
[debug] [2022-04-11T16:14:11.404Z] > authorizing via signed-in user (giampieer24@gmail.com)
[info] 
     ######## #### ########  ######## ########     ###     ######  ########
     ##        ##  ##     ## ##       ##     ##  ##   ##  ##       ##
     ######    ##  ########  ######   ########  #########  ######  ######
     ##        ##  ##    ##  ##       ##     ## ##     ##       ## ##
     ##       #### ##     ## ######## ########  ##     ##  ######  ########

You're about to initialize a Firebase project in this directory:

  /Users/mac/Documents/LIM017-social-network

[info] 
=== Project Setup
[info] 
[info] First, let's associate this project directory with a Firebase project.
[info] You can create multiple project aliases by running firebase use --add, 
[info] but for now we'll just set up a default project.
[info] 
[info] i  If you want to create a project in a Google Cloud organization or folder, please use "firebase projects:create" instead, and return to this command when you've created the project. 
